{
  "RSpec": {
    "coverage": {
      "/home/gregory/Projects/personal/DevDash/app/models/user.rb": [
        null,
        null,
        null,
        null,
        null,
        null,
        null,
        null,
        null,
        null,
        null,
        null,
        null,
        null,
        null,
        null,
        null,
        null,
        null,
        null,
        null,
        null,
        1,
        null,
        null,
        1,
        null,
        null,
        1,
        1,
        1,
        null,
        1,
        null,
        null,
        null,
        null,
        null
      ],
      "/home/gregory/Projects/personal/DevDash/app/models/application_record.rb": [
        null,
        null,
        1,
        1,
        null
      ],
      "/home/gregory/Projects/personal/DevDash/app/helpers/application_helper.rb": [
        null,
        null,
        1,
        null
      ],
      "/home/gregory/Projects/personal/DevDash/app/controllers/cards_controller.rb": [
        null,
        null,
        1,
        1,
        1,
        null,
        null
      ],
      "/home/gregory/Projects/personal/DevDash/app/controllers/application_controller.rb": [
        null,
        null,
        1,
        1,
        null
      ],
      "/home/gregory/Projects/personal/DevDash/app/controllers/home_controller.rb": [
        null,
        null,
        1,
        1,
        1,
        null,
        null,
        1,
        2,
        1,
        1,
        null,
        1,
        null,
        null,
        null,
        1,
        1,
        1,
        null,
        null
      ],
      "/home/gregory/Projects/personal/DevDash/app/controllers/lists_controller.rb": [
        null,
        null,
        1,
        1,
        1,
        null,
        null
      ],
      "/home/gregory/Projects/personal/DevDash/app/decorators/board_decorator.rb": [
        null,
        null,
        1,
        1,
        1,
        1,
        null
      ],
      "/home/gregory/Projects/personal/DevDash/app/models/board.rb": [
        null,
        null,
        null,
        null,
        null,
        null,
        null,
        null,
        null,
        null,
        null,
        null,
        null,
        null,
        1,
        1,
        null,
        1,
        1,
        1,
        null,
        1,
        21,
        42,
        42,
        42,
        21,
        null,
        null
      ],
      "/home/gregory/Projects/personal/DevDash/app/decorators/concerns/card_relation_decorations.rb": [
        null,
        null,
        1,
        1,
        24,
        null,
        null,
        1,
        9,
        null,
        null,
        1,
        3,
        null,
        null,
        1,
        3,
        null,
        null,
        1,
        6,
        null,
        null,
        1,
        6,
        null,
        null,
        1,
        12,
        null,
        null,
        1,
        6,
        null,
        null,
        1,
        2,
        null,
        null,
        1,
        2,
        null,
        null,
        1,
        2,
        null,
        null
      ],
      "/home/gregory/Projects/personal/DevDash/app/decorators/concerns/list_relation_decorations.rb": [
        null,
        null,
        1,
        1,
        12,
        null,
        null,
        1,
        6,
        null,
        null,
        1,
        2,
        null,
        null,
        1,
        2,
        null,
        null,
        1,
        4,
        null,
        null,
        1,
        4,
        null,
        null,
        1,
        8,
        null,
        null,
        1,
        4,
        null,
        null
      ],
      "/home/gregory/Projects/personal/DevDash/app/decorators/list_decorator.rb": [
        null,
        null,
        1,
        1,
        1,
        null
      ],
      "/home/gregory/Projects/personal/DevDash/app/models/list.rb": [
        null,
        null,
        null,
        null,
        null,
        null,
        null,
        null,
        null,
        null,
        null,
        null,
        null,
        null,
        1,
        1,
        1,
        null,
        1,
        null,
        1,
        21,
        42,
        42,
        42,
        21,
        21,
        21,
        null,
        null
      ],
      "/home/gregory/Projects/personal/DevDash/app/decorators/user_decorator.rb": [
        null,
        null,
        1,
        1,
        1,
        1,
        1,
        null,
        1,
        1,
        null,
        null,
        1,
        2,
        null,
        null
      ],
      "/home/gregory/Projects/personal/DevDash/app/decorators/concerns/board_relation_decorations.rb": [
        null,
        null,
        1,
        1,
        8,
        null,
        null,
        1,
        4,
        null,
        null,
        1,
        1,
        null,
        null,
        1,
        1,
        null,
        null,
        1,
        6,
        null,
        null,
        1,
        2,
        null,
        null,
        1,
        2,
        null,
        null,
        1,
        2,
        null,
        null
      ],
      "/home/gregory/Projects/personal/DevDash/app/jobs/trello_tracking_job.rb": [
        null,
        null,
        1,
        1,
        null,
        1,
        1,
        null,
        null
      ],
      "/home/gregory/Projects/personal/DevDash/app/jobs/application_job.rb": [
        null,
        null,
        1,
        null
      ],
      "/home/gregory/Projects/personal/DevDash/app/models/card.rb": [
        null,
        null,
        null,
        null,
        null,
        null,
        null,
        null,
        null,
        null,
        null,
        null,
        null,
        null,
        1,
        1,
        null,
        1,
        null,
        1,
        null,
        1,
        null,
        1,
        21,
        21,
        21,
        21,
        21,
        21,
        21,
        21,
        null,
        null
      ],
      "/home/gregory/Projects/personal/DevDash/app/services/trello_tracker.rb": [
        null,
        null,
        1,
        null,
        1,
        1,
        5,
        null,
        null,
        1,
        4,
        null,
        4,
        4,
        4,
        null,
        4,
        null,
        null,
        1,
        null,
        1,
        1,
        1,
        1,
        1,
        1,
        1,
        null,
        null,
        null,
        null,
        null,
        1,
        1,
        1,
        1,
        null,
        1,
        1,
        1,
        null,
        null,
        1,
        1,
        1,
        1,
        null,
        null,
        null
      ]
    },
    "timestamp": 1540155047
  }
}
