{
  "RSpec": {
    "coverage": {
      "/home/gregory/Projects/personal/DevDash/app/models/user.rb": [
        null,
        null,
        null,
        null,
        null,
        null,
        null,
        null,
        null,
        null,
        null,
        null,
        null,
        null,
        null,
        null,
        null,
        null,
        null,
        null,
        null,
        null,
        1,
        null,
        null,
        1,
        null,
        null,
        1,
        1,
        1,
        null,
        1,
        null,
        null,
        null,
        null,
        null
      ],
      "/home/gregory/Projects/personal/DevDash/app/models/application_record.rb": [
        null,
        null,
        1,
        1,
        null
      ],
      "/home/gregory/Projects/personal/DevDash/app/helpers/application_helper.rb": [
        null,
        null,
        1,
        null
      ],
      "/home/gregory/Projects/personal/DevDash/app/helpers/boards_helper.rb": [
        null,
        null,
        1,
        null
      ],
      "/home/gregory/Projects/personal/DevDash/app/helpers/cards_helper.rb": [
        null,
        null,
        1,
        null
      ],
      "/home/gregory/Projects/personal/DevDash/app/helpers/home_helper.rb": [
        null,
        null,
        1,
        null
      ],
      "/home/gregory/Projects/personal/DevDash/app/helpers/lists_helper.rb": [
        null,
        null,
        1,
        null
      ],
      "/home/gregory/Projects/personal/DevDash/app/controllers/boards_controller.rb": [
        null,
        null,
        1,
        1,
        1,
        null,
        null,
        1,
        1,
        null,
        null
      ],
      "/home/gregory/Projects/personal/DevDash/app/controllers/application_controller.rb": [
        null,
        null,
        1,
        1,
        null
      ],
      "/home/gregory/Projects/personal/DevDash/app/controllers/cards_controller.rb": [
        null,
        null,
        1,
        1,
        0,
        0,
        0,
        null,
        null,
        1,
        0,
        null,
        null
      ],
      "/home/gregory/Projects/personal/DevDash/app/controllers/home_controller.rb": [
        null,
        null,
        1,
        1,
        1,
        1,
        1,
        null,
        null,
        1,
        0,
        0,
        0,
        null,
        0,
        null,
        null,
        null,
        1,
        0,
        0,
        null,
        null
      ],
      "/home/gregory/Projects/personal/DevDash/app/controllers/lists_controller.rb": [
        null,
        null,
        1,
        1,
        0,
        0,
        null,
        null,
        1,
        0,
        null,
        null
      ],
      "/home/gregory/Projects/personal/DevDash/app/decorators/user_decorator.rb": [
        null,
        null,
        1,
        1,
        null,
        null,
        null,
        null,
        null,
        null,
        null,
        null,
        null,
        null
      ],
      "/home/gregory/Projects/personal/DevDash/app/models/board.rb": [
        null,
        null,
        null,
        null,
        null,
        null,
        null,
        null,
        null,
        null,
        null,
        null,
        null,
        null,
        1,
        1,
        1,
        1,
        null,
        1,
        0,
        0,
        0,
        0,
        0,
        null,
        null
      ],
      "/home/gregory/Projects/personal/DevDash/app/models/card.rb": [
        null,
        null,
        null,
        null,
        null,
        null,
        null,
        null,
        null,
        null,
        null,
        null,
        null,
        null,
        1,
        1,
        null,
        1,
        0,
        0,
        0,
        0,
        0,
        0,
        null,
        null
      ],
      "/home/gregory/Projects/personal/DevDash/app/models/list.rb": [
        null,
        null,
        null,
        null,
        null,
        null,
        null,
        null,
        null,
        null,
        null,
        null,
        null,
        null,
        1,
        1,
        1,
        null,
        1,
        null,
        1,
        0,
        0,
        0,
        0,
        0,
        null,
        null
      ],
      "/home/gregory/Projects/personal/DevDash/app/services/trello_tracker.rb": [
        null,
        null,
        0,
        0,
        0,
        0,
        null,
        0,
        0,
        null,
        0,
        0,
        0,
        null,
        0,
        0,
        null,
        0,
        null,
        0,
        0,
        0,
        0,
        0,
        0,
        0,
        0,
        0,
        0,
        0,
        0,
        0,
        0,
        null,
        0,
        0,
        0,
        0,
        null,
        0,
        0,
        0,
        0,
        null,
        0,
        0,
        0,
        0,
        0,
        0,
        0
      ],
      "/home/gregory/Projects/personal/DevDash/app/jobs/application_job.rb": [
        null,
        null,
        0,
        0
      ],
      "/home/gregory/Projects/personal/DevDash/app/jobs/trello_tracking_job.rb": [
        null,
        null,
        0,
        0,
        null,
        0,
        0,
        0,
        0
      ],
      "/home/gregory/Projects/personal/DevDash/app/channels/application_cable/connection.rb": [
        null,
        null,
        0,
        0,
        0,
        0
      ],
      "/home/gregory/Projects/personal/DevDash/app/channels/application_cable/channel.rb": [
        null,
        null,
        0,
        0,
        0,
        0
      ],
      "/home/gregory/Projects/personal/DevDash/app/mailers/application_mailer.rb": [
        null,
        null,
        0,
        0,
        0,
        0
      ]
    },
    "timestamp": 1539795972
  }
}
